2023-12-17T17:14:00.6007087 Error sending transfer: 401 : [no body]
2023-12-17T17:15:15.6109372 Error sending transfer: 401 : [no body]
2023-12-17T17:19:01.0766226 Error sending transfer: 401 : [no body]
2023-12-17T17:34:10.584721 Error sending transfer: 401 : [no body]
2023-12-17T17:36:02.7880275 Error sending transfer: 401 : [no body]
2023-12-17T17:42:53.2122309 Error sending transfer: 401 : [no body]
2023-12-17T17:43:26.2533514 Error sending transfer: 401 : [no body]
2023-12-17T17:47:24.8526864 Error sending transfer: 401 : [no body]
2023-12-17T17:47:51.4676257 Error sending transfer: 401 : [no body]
2023-12-17T17:49:35.4610991 Error sending transfer: 401 : [no body]
2023-12-17T18:22:52.2198644 I/O error on POST request for "http://localhost:8080/login": Connection refused: connect; nested exception is java.net.ConnectException: Connection refused: connect
2023-12-17T18:23:31.2890679 I/O error on POST request for "http://localhost:8080/login": Connection refused: connect; nested exception is java.net.ConnectException: Connection refused: connect
2023-12-17T22:29:55.9872914 Error retrieving transfers: 500 : [{"timestamp":"2023-12-18T04:29:55.963+00:00","status":500,"error":"Internal Server Error","message":"Transfer not found","path":"/transfer/1006"}]
2023-12-17T22:30:07.1403924 Error retrieving transfers: 500 : [{"timestamp":"2023-12-18T04:30:07.138+00:00","status":500,"error":"Internal Server Error","message":"Transfer not found","path":"/transfer/2006"}]
2023-12-17T22:30:24.3755622 Error sending transfer: 500 : [{"timestamp":"2023-12-18T04:30:24.373+00:00","status":500,"error":"Internal Server Error","message":"You can't send money to yourself","path":"/transfer/send"}]
2023-12-17T22:30:33.7712091 Error retrieving transfers: 500 : [{"timestamp":"2023-12-18T04:30:33.770+00:00","status":500,"error":"Internal Server Error","message":"Transfer not found","path":"/transfer/2006"}]
2023-12-17T22:30:56.2823817 Error retrieving transfers: 500 : [{"timestamp":"2023-12-18T04:30:56.280+00:00","status":500,"error":"Internal Server Error","message":"Transfer not found","path":"/transfer/1000"}]
2023-12-17T22:31:00.4171594 Error retrieving transfers: 500 : [{"timestamp":"2023-12-18T04:31:00.416+00:00","status":500,"error":"Internal Server Error","message":"Transfer not found","path":"/transfer/1001"}]
2023-12-17T22:31:10.551934 Error sending transfer: 500 : [{"timestamp":"2023-12-18T04:31:10.549+00:00","status":500,"error":"Internal Server Error","message":"Error accessing database","path":"/transfer/send"}]
2023-12-17T22:32:01.3852062 Error retrieving transfers: 500 : [{"timestamp":"2023-12-18T04:32:01.384+00:00","status":500,"error":"Internal Server Error","message":"Transfer not found","path":"/transfer/1000"}]
2023-12-17T22:32:33.6818865 Error sending transfer: 500 : [{"timestamp":"2023-12-18T04:32:33.680+00:00","status":500,"error":"Internal Server Error","message":"Error accessing database","path":"/transfer/send"}]
2023-12-17T22:32:59.8953405 Error sending transfer: 500 : [{"timestamp":"2023-12-18T04:32:59.894+00:00","status":500,"error":"Internal Server Error","message":"Error accessing database","path":"/transfer/send"}]
